Determining if the Q_WS_WIN exist failed with the following output:
Change Dir: /home/salabeta/BN/robotica2018/practica2/CMakeFiles/CMakeTmp

Run Build Command:"/usr/bin/make" "cmTC_6af3f/fast"
/usr/bin/make -f CMakeFiles/cmTC_6af3f.dir/build.make CMakeFiles/cmTC_6af3f.dir/build
make[1]: se entra en el directorio '/home/salabeta/BN/robotica2018/practica2/CMakeFiles/CMakeTmp'
Building CXX object CMakeFiles/cmTC_6af3f.dir/CheckSymbolExists.cxx.o
/usr/bin/c++   -I/usr/include/qt4   -o CMakeFiles/cmTC_6af3f.dir/CheckSymbolExists.cxx.o -c /home/salabeta/BN/robotica2018/practica2/CMakeFiles/CMakeTmp/CheckSymbolExists.cxx
/home/salabeta/BN/robotica2018/practica2/CMakeFiles/CMakeTmp/CheckSymbolExists.cxx: In function ‘int main(int, char**)’:
/home/salabeta/BN/robotica2018/practica2/CMakeFiles/CMakeTmp/CheckSymbolExists.cxx:8:19: error: ‘Q_WS_WIN’ was not declared in this scope
   return ((int*)(&Q_WS_WIN))[argc];
                   ^~~~~~~~
/home/salabeta/BN/robotica2018/practica2/CMakeFiles/CMakeTmp/CheckSymbolExists.cxx:8:19: note: suggested alternative: ‘Q_WS_X11’
   return ((int*)(&Q_WS_WIN))[argc];
                   ^~~~~~~~
                   Q_WS_X11
CMakeFiles/cmTC_6af3f.dir/build.make:65: recipe for target 'CMakeFiles/cmTC_6af3f.dir/CheckSymbolExists.cxx.o' failed
make[1]: *** [CMakeFiles/cmTC_6af3f.dir/CheckSymbolExists.cxx.o] Error 1
make[1]: se sale del directorio '/home/salabeta/BN/robotica2018/practica2/CMakeFiles/CMakeTmp'
Makefile:126: recipe for target 'cmTC_6af3f/fast' failed
make: *** [cmTC_6af3f/fast] Error 2

File /home/salabeta/BN/robotica2018/practica2/CMakeFiles/CMakeTmp/CheckSymbolExists.cxx:
/* */
#include <QtCore/qglobal.h>

int main(int argc, char** argv)
{
  (void)argv;
#ifndef Q_WS_WIN
  return ((int*)(&Q_WS_WIN))[argc];
#else
  (void)argc;
  return 0;
#endif
}

Determining if the Q_WS_QWS exist failed with the following output:
Change Dir: /home/salabeta/BN/robotica2018/practica2/CMakeFiles/CMakeTmp

Run Build Command:"/usr/bin/make" "cmTC_40c39/fast"
/usr/bin/make -f CMakeFiles/cmTC_40c39.dir/build.make CMakeFiles/cmTC_40c39.dir/build
make[1]: se entra en el directorio '/home/salabeta/BN/robotica2018/practica2/CMakeFiles/CMakeTmp'
Building CXX object CMakeFiles/cmTC_40c39.dir/CheckSymbolExists.cxx.o
/usr/bin/c++   -I/usr/include/qt4   -o CMakeFiles/cmTC_40c39.dir/CheckSymbolExists.cxx.o -c /home/salabeta/BN/robotica2018/practica2/CMakeFiles/CMakeTmp/CheckSymbolExists.cxx
/home/salabeta/BN/robotica2018/practica2/CMakeFiles/CMakeTmp/CheckSymbolExists.cxx: In function ‘int main(int, char**)’:
/home/salabeta/BN/robotica2018/practica2/CMakeFiles/CMakeTmp/CheckSymbolExists.cxx:8:19: error: ‘Q_WS_QWS’ was not declared in this scope
   return ((int*)(&Q_WS_QWS))[argc];
                   ^~~~~~~~
/home/salabeta/BN/robotica2018/practica2/CMakeFiles/CMakeTmp/CheckSymbolExists.cxx:8:19: note: suggested alternative: ‘Q_WS_X11’
   return ((int*)(&Q_WS_QWS))[argc];
                   ^~~~~~~~
                   Q_WS_X11
CMakeFiles/cmTC_40c39.dir/build.make:65: recipe for target 'CMakeFiles/cmTC_40c39.dir/CheckSymbolExists.cxx.o' failed
make[1]: *** [CMakeFiles/cmTC_40c39.dir/CheckSymbolExists.cxx.o] Error 1
make[1]: se sale del directorio '/home/salabeta/BN/robotica2018/practica2/CMakeFiles/CMakeTmp'
Makefile:126: recipe for target 'cmTC_40c39/fast' failed
make: *** [cmTC_40c39/fast] Error 2

File /home/salabeta/BN/robotica2018/practica2/CMakeFiles/CMakeTmp/CheckSymbolExists.cxx:
/* */
#include <QtCore/qglobal.h>

int main(int argc, char** argv)
{
  (void)argv;
#ifndef Q_WS_QWS
  return ((int*)(&Q_WS_QWS))[argc];
#else
  (void)argc;
  return 0;
#endif
}

Determining if the Q_WS_MAC exist failed with the following output:
Change Dir: /home/salabeta/BN/robotica2018/practica2/CMakeFiles/CMakeTmp

Run Build Command:"/usr/bin/make" "cmTC_842b2/fast"
/usr/bin/make -f CMakeFiles/cmTC_842b2.dir/build.make CMakeFiles/cmTC_842b2.dir/build
make[1]: se entra en el directorio '/home/salabeta/BN/robotica2018/practica2/CMakeFiles/CMakeTmp'
Building CXX object CMakeFiles/cmTC_842b2.dir/CheckSymbolExists.cxx.o
/usr/bin/c++   -I/usr/include/qt4   -o CMakeFiles/cmTC_842b2.dir/CheckSymbolExists.cxx.o -c /home/salabeta/BN/robotica2018/practica2/CMakeFiles/CMakeTmp/CheckSymbolExists.cxx
/home/salabeta/BN/robotica2018/practica2/CMakeFiles/CMakeTmp/CheckSymbolExists.cxx: In function ‘int main(int, char**)’:
/home/salabeta/BN/robotica2018/practica2/CMakeFiles/CMakeTmp/CheckSymbolExists.cxx:8:19: error: ‘Q_WS_MAC’ was not declared in this scope
   return ((int*)(&Q_WS_MAC))[argc];
                   ^~~~~~~~
/home/salabeta/BN/robotica2018/practica2/CMakeFiles/CMakeTmp/CheckSymbolExists.cxx:8:19: note: suggested alternative: ‘Q_WS_X11’
   return ((int*)(&Q_WS_MAC))[argc];
                   ^~~~~~~~
                   Q_WS_X11
CMakeFiles/cmTC_842b2.dir/build.make:65: recipe for target 'CMakeFiles/cmTC_842b2.dir/CheckSymbolExists.cxx.o' failed
make[1]: *** [CMakeFiles/cmTC_842b2.dir/CheckSymbolExists.cxx.o] Error 1
make[1]: se sale del directorio '/home/salabeta/BN/robotica2018/practica2/CMakeFiles/CMakeTmp'
Makefile:126: recipe for target 'cmTC_842b2/fast' failed
make: *** [cmTC_842b2/fast] Error 2

File /home/salabeta/BN/robotica2018/practica2/CMakeFiles/CMakeTmp/CheckSymbolExists.cxx:
/* */
#include <QtCore/qglobal.h>

int main(int argc, char** argv)
{
  (void)argv;
#ifndef Q_WS_MAC
  return ((int*)(&Q_WS_MAC))[argc];
#else
  (void)argc;
  return 0;
#endif
}

Determining if the pthread_create exist failed with the following output:
Change Dir: /home/salabeta/BN/robotica2018/practica2/CMakeFiles/CMakeTmp

Run Build Command:"/usr/bin/make" "cmTC_1dbc0/fast"
/usr/bin/make -f CMakeFiles/cmTC_1dbc0.dir/build.make CMakeFiles/cmTC_1dbc0.dir/build
make[1]: se entra en el directorio '/home/salabeta/BN/robotica2018/practica2/CMakeFiles/CMakeTmp'
Building C object CMakeFiles/cmTC_1dbc0.dir/CheckSymbolExists.c.o
/usr/bin/cc    -o CMakeFiles/cmTC_1dbc0.dir/CheckSymbolExists.c.o   -c /home/salabeta/BN/robotica2018/practica2/CMakeFiles/CMakeTmp/CheckSymbolExists.c
Linking C executable cmTC_1dbc0
/usr/bin/cmake -E cmake_link_script CMakeFiles/cmTC_1dbc0.dir/link.txt --verbose=1
/usr/bin/cc      -rdynamic CMakeFiles/cmTC_1dbc0.dir/CheckSymbolExists.c.o  -o cmTC_1dbc0 
CMakeFiles/cmTC_1dbc0.dir/CheckSymbolExists.c.o: En la función `main':
CheckSymbolExists.c:(.text+0x1b): referencia a `pthread_create' sin definir
collect2: error: ld returned 1 exit status
CMakeFiles/cmTC_1dbc0.dir/build.make:97: recipe for target 'cmTC_1dbc0' failed
make[1]: *** [cmTC_1dbc0] Error 1
make[1]: se sale del directorio '/home/salabeta/BN/robotica2018/practica2/CMakeFiles/CMakeTmp'
Makefile:126: recipe for target 'cmTC_1dbc0/fast' failed
make: *** [cmTC_1dbc0/fast] Error 2

File /home/salabeta/BN/robotica2018/practica2/CMakeFiles/CMakeTmp/CheckSymbolExists.c:
/* */
#include <pthread.h>

int main(int argc, char** argv)
{
  (void)argv;
#ifndef pthread_create
  return ((int*)(&pthread_create))[argc];
#else
  (void)argc;
  return 0;
#endif
}

Determining if the function pthread_create exists in the pthreads failed with the following output:
Change Dir: /home/salabeta/BN/robotica2018/practica2/CMakeFiles/CMakeTmp

Run Build Command:"/usr/bin/make" "cmTC_7401c/fast"
/usr/bin/make -f CMakeFiles/cmTC_7401c.dir/build.make CMakeFiles/cmTC_7401c.dir/build
make[1]: se entra en el directorio '/home/salabeta/BN/robotica2018/practica2/CMakeFiles/CMakeTmp'
Building C object CMakeFiles/cmTC_7401c.dir/CheckFunctionExists.c.o
/usr/bin/cc   -DCHECK_FUNCTION_EXISTS=pthread_create   -o CMakeFiles/cmTC_7401c.dir/CheckFunctionExists.c.o   -c /usr/share/cmake-3.10/Modules/CheckFunctionExists.c
Linking C executable cmTC_7401c
/usr/bin/cmake -E cmake_link_script CMakeFiles/cmTC_7401c.dir/link.txt --verbose=1
/usr/bin/cc  -DCHECK_FUNCTION_EXISTS=pthread_create    -rdynamic CMakeFiles/cmTC_7401c.dir/CheckFunctionExists.c.o  -o cmTC_7401c -lpthreads 
/usr/bin/x86_64-linux-gnu-ld: no se puede encontrar -lpthreads
collect2: error: ld returned 1 exit status
CMakeFiles/cmTC_7401c.dir/build.make:97: recipe for target 'cmTC_7401c' failed
make[1]: *** [cmTC_7401c] Error 1
make[1]: se sale del directorio '/home/salabeta/BN/robotica2018/practica2/CMakeFiles/CMakeTmp'
Makefile:126: recipe for target 'cmTC_7401c/fast' failed
make: *** [cmTC_7401c/fast] Error 2


